<?xml version="1.0" encoding="UTF-8"?>
<testng-results ignored="0" total="2" passed="2" failed="0" skipped="0">
  <reporter-output>
  </reporter-output>
  <suite started-at="2023-03-23T11:51:06 IST" name="Default suite" finished-at="2023-03-23T11:51:06 IST" duration-ms="106">
    <groups>
    </groups>
    <test started-at="2023-03-23T11:51:06 IST" name="Default test" finished-at="2023-03-23T11:51:06 IST" duration-ms="106">
      <class name="Framework.Sample">
        <test-method signature="createContact()[pri:0, instance:Framework.Sample@7b36aa0c]" started-at="2023-03-23T11:51:06 IST" name="createContact" finished-at="2023-03-23T11:51:06 IST" duration-ms="20" status="PASS">
          <reporter-output>
          </reporter-output>
        </test-method> <!-- createContact -->
        <test-method signature="modifyContact()[pri:0, instance:Framework.Sample@7b36aa0c]" started-at="2023-03-23T11:51:06 IST" name="modifyContact" finished-at="2023-03-23T11:51:06 IST" duration-ms="1" status="PASS">
          <reporter-output>
          </reporter-output>
        </test-method> <!-- modifyContact -->
      </class> <!-- Framework.Sample -->
    </test> <!-- Default test -->
  </suite> <!-- Default suite -->
</testng-results>
